<?xml version="1.0" encoding="UTF-8"?>
<coverage generated="1672429759314" clover="3.2.0">
  <project timestamp="1672429759314" name="All files">
    <metrics statements="29" coveredstatements="29" conditionals="8" coveredconditionals="8" methods="7" coveredmethods="7" elements="44" coveredelements="44" complexity="0" loc="29" ncloc="29" packages="1" files="1" classes="1"/>
    <file name="linkedListJest.js" path="/Applications/XAMPP/xamppfiles/htdocs/dsa/linkedListJest.js">
      <metrics statements="29" coveredstatements="29" conditionals="8" coveredconditionals="8" methods="7" coveredmethods="7"/>
      <line num="3" count="10" type="stmt"/>
      <line num="4" count="10" type="stmt"/>
      <line num="5" count="10" type="stmt"/>
      <line num="9" count="27" type="stmt"/>
      <line num="10" count="27" type="stmt"/>
      <line num="11" count="27" type="stmt"/>
      <line num="15" count="8" type="cond" truecount="4" falsecount="0"/>
      <line num="16" count="4" type="stmt"/>
      <line num="19" count="4" type="stmt"/>
      <line num="20" count="4" type="stmt"/>
      <line num="21" count="5" type="stmt"/>
      <line num="24" count="4" type="stmt"/>
      <line num="28" count="4" type="cond" truecount="2" falsecount="0"/>
      <line num="29" count="1" type="stmt"/>
      <line num="32" count="3" type="stmt"/>
      <line num="33" count="3" type="cond" truecount="2" falsecount="0"/>
      <line num="34" count="2" type="stmt"/>
      <line num="37" count="1" type="stmt"/>
      <line num="38" count="1" type="stmt"/>
      <line num="42" count="1" type="stmt"/>
      <line num="43" count="1" type="stmt"/>
      <line num="49" count="28" type="stmt"/>
      <line num="50" count="28" type="stmt"/>
      <line num="54" count="1" type="stmt"/>
      <line num="55" count="9" type="stmt"/>
      <line num="56" count="9" type="stmt"/>
      <line num="57" count="24" type="stmt"/>
      <line num="60" count="9" type="stmt"/>
      <line num="63" count="1" type="stmt"/>
    </file>
  </project>
</coverage>
