<?xml version="1.0" encoding="UTF-8"?>
<coverage generated="1674062954397" clover="3.2.0">
  <project timestamp="1674062954397" name="All files">
    <metrics statements="40" coveredstatements="40" conditionals="14" coveredconditionals="14" methods="8" coveredmethods="8" elements="62" coveredelements="62" complexity="0" loc="40" ncloc="40" packages="2" files="2" classes="2"/>
    <package name="dsa">
      <metrics statements="29" coveredstatements="29" conditionals="8" coveredconditionals="8" methods="7" coveredmethods="7"/>
      <file name="linkedListJest.js" path="/Applications/XAMPP/xamppfiles/htdocs/dsa/linkedListJest.js">
        <metrics statements="29" coveredstatements="29" conditionals="8" coveredconditionals="8" methods="7" coveredmethods="7"/>
        <line num="3" count="10" type="stmt"/>
        <line num="4" count="10" type="stmt"/>
        <line num="5" count="10" type="stmt"/>
        <line num="9" count="27" type="stmt"/>
        <line num="10" count="27" type="stmt"/>
        <line num="11" count="27" type="stmt"/>
        <line num="15" count="8" type="cond" truecount="4" falsecount="0"/>
        <line num="16" count="4" type="stmt"/>
        <line num="19" count="4" type="stmt"/>
        <line num="20" count="4" type="stmt"/>
        <line num="21" count="5" type="stmt"/>
        <line num="24" count="4" type="stmt"/>
        <line num="28" count="4" type="cond" truecount="2" falsecount="0"/>
        <line num="29" count="1" type="stmt"/>
        <line num="32" count="3" type="stmt"/>
        <line num="33" count="3" type="cond" truecount="2" falsecount="0"/>
        <line num="34" count="2" type="stmt"/>
        <line num="37" count="1" type="stmt"/>
        <line num="38" count="1" type="stmt"/>
        <line num="42" count="1" type="stmt"/>
        <line num="43" count="1" type="stmt"/>
        <line num="49" count="28" type="stmt"/>
        <line num="50" count="28" type="stmt"/>
        <line num="54" count="1" type="stmt"/>
        <line num="55" count="9" type="stmt"/>
        <line num="56" count="9" type="stmt"/>
        <line num="57" count="24" type="stmt"/>
        <line num="60" count="9" type="stmt"/>
        <line num="63" count="1" type="stmt"/>
      </file>
    </package>
    <package name="dsa.fizzbuzz">
      <metrics statements="11" coveredstatements="11" conditionals="6" coveredconditionals="6" methods="1" coveredmethods="1"/>
      <file name="fizzBuzz.js" path="/Applications/XAMPP/xamppfiles/htdocs/dsa/fizzbuzz/fizzBuzz.js">
        <metrics statements="11" coveredstatements="11" conditionals="6" coveredconditionals="6" methods="1" coveredmethods="1"/>
        <line num="2" count="3" type="stmt"/>
        <line num="4" count="3" type="stmt"/>
        <line num="5" count="23" type="cond" truecount="2" falsecount="0"/>
        <line num="6" count="1" type="stmt"/>
        <line num="7" count="22" type="cond" truecount="2" falsecount="0"/>
        <line num="8" count="6" type="stmt"/>
        <line num="9" count="16" type="cond" truecount="2" falsecount="0"/>
        <line num="10" count="3" type="stmt"/>
        <line num="12" count="13" type="stmt"/>
        <line num="16" count="3" type="stmt"/>
        <line num="20" count="1" type="stmt"/>
      </file>
    </package>
  </project>
</coverage>
