{"/Applications/XAMPP/xamppfiles/htdocs/dsa/linkedListJest.js": {"path":"/Applications/XAMPP/xamppfiles/htdocs/dsa/linkedListJest.js","statementMap":{"0":{"start":{"line":3,"column":8},"end":{"line":3,"column":25}},"1":{"start":{"line":4,"column":8},"end":{"line":4,"column":25}},"2":{"start":{"line":5,"column":8},"end":{"line":5,"column":24}},"3":{"start":{"line":9,"column":22},"end":{"line":9,"column":48}},"4":{"start":{"line":10,"column":8},"end":{"line":10,"column":28}},"5":{"start":{"line":11,"column":8},"end":{"line":11,"column":22}},"6":{"start":{"line":15,"column":8},"end":{"line":17,"column":9}},"7":{"start":{"line":16,"column":12},"end":{"line":16,"column":24}},"8":{"start":{"line":19,"column":29},"end":{"line":19,"column":38}},"9":{"start":{"line":20,"column":8},"end":{"line":22,"column":9}},"10":{"start":{"line":20,"column":20},"end":{"line":20,"column":21}},"11":{"start":{"line":21,"column":12},"end":{"line":21,"column":49}},"12":{"start":{"line":24,"column":8},"end":{"line":24,"column":30}},"13":{"start":{"line":28,"column":8},"end":{"line":30,"column":9}},"14":{"start":{"line":29,"column":12},"end":{"line":29,"column":44}},"15":{"start":{"line":32,"column":21},"end":{"line":32,"column":47}},"16":{"start":{"line":33,"column":8},"end":{"line":35,"column":9}},"17":{"start":{"line":34,"column":12},"end":{"line":34,"column":24}},"18":{"start":{"line":37,"column":8},"end":{"line":37,"column":47}},"19":{"start":{"line":38,"column":8},"end":{"line":38,"column":22}},"20":{"start":{"line":42,"column":8},"end":{"line":42,"column":35}},"21":{"start":{"line":43,"column":8},"end":{"line":43,"column":22}},"22":{"start":{"line":49,"column":8},"end":{"line":49,"column":27}},"23":{"start":{"line":50,"column":8},"end":{"line":50,"column":25}},"24":{"start":{"line":54,"column":0},"end":{"line":61,"column":1}},"25":{"start":{"line":55,"column":21},"end":{"line":55,"column":37}},"26":{"start":{"line":56,"column":4},"end":{"line":58,"column":5}},"27":{"start":{"line":56,"column":16},"end":{"line":56,"column":33}},"28":{"start":{"line":57,"column":8},"end":{"line":57,"column":43}},"29":{"start":{"line":60,"column":4},"end":{"line":60,"column":22}},"30":{"start":{"line":63,"column":0},"end":{"line":63,"column":28}}},"fnMap":{"0":{"name":"(anonymous_0)","decl":{"start":{"line":2,"column":4},"end":{"line":2,"column":5}},"loc":{"start":{"line":2,"column":18},"end":{"line":6,"column":5}},"line":2},"1":{"name":"(anonymous_1)","decl":{"start":{"line":8,"column":4},"end":{"line":8,"column":5}},"loc":{"start":{"line":8,"column":24},"end":{"line":12,"column":5}},"line":8},"2":{"name":"(anonymous_2)","decl":{"start":{"line":14,"column":4},"end":{"line":14,"column":5}},"loc":{"start":{"line":14,"column":22},"end":{"line":25,"column":5}},"line":14},"3":{"name":"(anonymous_3)","decl":{"start":{"line":27,"column":4},"end":{"line":27,"column":5}},"loc":{"start":{"line":27,"column":32},"end":{"line":39,"column":5}},"line":27},"4":{"name":"(anonymous_4)","decl":{"start":{"line":41,"column":4},"end":{"line":41,"column":5}},"loc":{"start":{"line":41,"column":17},"end":{"line":44,"column":5}},"line":41},"5":{"name":"(anonymous_5)","decl":{"start":{"line":48,"column":4},"end":{"line":48,"column":5}},"loc":{"start":{"line":48,"column":29},"end":{"line":51,"column":5}},"line":48},"6":{"name":"(anonymous_6)","decl":{"start":{"line":54,"column":24},"end":{"line":54,"column":25}},"loc":{"start":{"line":54,"column":44},"end":{"line":61,"column":1}},"line":54}},"branchMap":{"0":{"loc":{"start":{"line":15,"column":8},"end":{"line":17,"column":9}},"type":"if","locations":[{"start":{"line":15,"column":8},"end":{"line":17,"column":9}},{"start":{},"end":{}}],"line":15},"1":{"loc":{"start":{"line":15,"column":11},"end":{"line":15,"column":44}},"type":"binary-expr","locations":[{"start":{"line":15,"column":11},"end":{"line":15,"column":20}},{"start":{"line":15,"column":24},"end":{"line":15,"column":44}}],"line":15},"2":{"loc":{"start":{"line":28,"column":8},"end":{"line":30,"column":9}},"type":"if","locations":[{"start":{"line":28,"column":8},"end":{"line":30,"column":9}},{"start":{},"end":{}}],"line":28},"3":{"loc":{"start":{"line":33,"column":8},"end":{"line":35,"column":9}},"type":"if","locations":[{"start":{"line":33,"column":8},"end":{"line":35,"column":9}},{"start":{},"end":{}}],"line":33}},"s":{"0":10,"1":10,"2":10,"3":27,"4":27,"5":27,"6":8,"7":4,"8":4,"9":4,"10":4,"11":5,"12":4,"13":4,"14":1,"15":3,"16":3,"17":2,"18":1,"19":1,"20":1,"21":1,"22":28,"23":28,"24":1,"25":9,"26":9,"27":9,"28":24,"29":9,"30":1},"f":{"0":10,"1":27,"2":8,"3":4,"4":1,"5":28,"6":9},"b":{"0":[4,4],"1":[8,6],"2":[1,3],"3":[2,1]},"_coverageSchema":"1a1c01bbd47fc00a2c39e90264f33305004495a9","hash":"4c6b6269cb61c93ccffd9ab477a3fb8b719ab92b"}
,"/Applications/XAMPP/xamppfiles/htdocs/dsa/fizzbuzz/fizzBuzz.js": {"path":"/Applications/XAMPP/xamppfiles/htdocs/dsa/fizzbuzz/fizzBuzz.js","statementMap":{"0":{"start":{"line":2,"column":18},"end":{"line":2,"column":20}},"1":{"start":{"line":4,"column":4},"end":{"line":14,"column":5}},"2":{"start":{"line":4,"column":17},"end":{"line":4,"column":18}},"3":{"start":{"line":5,"column":8},"end":{"line":13,"column":9}},"4":{"start":{"line":6,"column":12},"end":{"line":6,"column":37}},"5":{"start":{"line":7,"column":14},"end":{"line":13,"column":9}},"6":{"start":{"line":8,"column":12},"end":{"line":8,"column":33}},"7":{"start":{"line":9,"column":14},"end":{"line":13,"column":9}},"8":{"start":{"line":10,"column":12},"end":{"line":10,"column":33}},"9":{"start":{"line":12,"column":12},"end":{"line":12,"column":28}},"10":{"start":{"line":16,"column":4},"end":{"line":16,"column":30}},"11":{"start":{"line":20,"column":0},"end":{"line":20,"column":26}}},"fnMap":{"0":{"name":"fizzBuzz","decl":{"start":{"line":1,"column":9},"end":{"line":1,"column":17}},"loc":{"start":{"line":1,"column":23},"end":{"line":17,"column":1}},"line":1}},"branchMap":{"0":{"loc":{"start":{"line":5,"column":8},"end":{"line":13,"column":9}},"type":"if","locations":[{"start":{"line":5,"column":8},"end":{"line":13,"column":9}},{"start":{"line":7,"column":14},"end":{"line":13,"column":9}}],"line":5},"1":{"loc":{"start":{"line":7,"column":14},"end":{"line":13,"column":9}},"type":"if","locations":[{"start":{"line":7,"column":14},"end":{"line":13,"column":9}},{"start":{"line":9,"column":14},"end":{"line":13,"column":9}}],"line":7},"2":{"loc":{"start":{"line":9,"column":14},"end":{"line":13,"column":9}},"type":"if","locations":[{"start":{"line":9,"column":14},"end":{"line":13,"column":9}},{"start":{"line":11,"column":14},"end":{"line":13,"column":9}}],"line":9}},"s":{"0":3,"1":3,"2":3,"3":23,"4":1,"5":22,"6":6,"7":16,"8":3,"9":13,"10":3,"11":1},"f":{"0":3},"b":{"0":[1,22],"1":[6,16],"2":[3,13]},"_coverageSchema":"1a1c01bbd47fc00a2c39e90264f33305004495a9","hash":"758c61bd7158f3fb22e4e3bcaa4fc2a56be0c5cd"}
}
