TN:
SF:linkedListJest.js
FN:2,(anonymous_0)
FN:8,(anonymous_1)
FN:14,(anonymous_2)
FN:27,(anonymous_3)
FN:41,(anonymous_4)
FN:48,(anonymous_5)
FN:54,(anonymous_6)
FNF:7
FNH:7
FNDA:10,(anonymous_0)
FNDA:27,(anonymous_1)
FNDA:8,(anonymous_2)
FNDA:4,(anonymous_3)
FNDA:1,(anonymous_4)
FNDA:28,(anonymous_5)
FNDA:9,(anonymous_6)
DA:3,10
DA:4,10
DA:5,10
DA:9,27
DA:10,27
DA:11,27
DA:15,8
DA:16,4
DA:19,4
DA:20,4
DA:21,5
DA:24,4
DA:28,4
DA:29,1
DA:32,3
DA:33,3
DA:34,2
DA:37,1
DA:38,1
DA:42,1
DA:43,1
DA:49,28
DA:50,28
DA:54,1
DA:55,9
DA:56,9
DA:57,24
DA:60,9
DA:63,1
LF:29
LH:29
BRDA:15,0,0,4
BRDA:15,0,1,4
BRDA:15,1,0,8
BRDA:15,1,1,6
BRDA:28,2,0,1
BRDA:28,2,1,3
BRDA:33,3,0,2
BRDA:33,3,1,1
BRF:8
BRH:8
end_of_record
